0 info it worked if it ends with ok
1 verbose cli [ 'c:\\Program Files\\nodejs\\node.exe',
1 verbose cli   'c:\\Program Files\\nodejs\\node_modules\\npm\\bin\\npm-cli.js',
1 verbose cli   'install',
1 verbose cli   'knockout-client' ]
2 info using npm@1.3.14
3 info using node@v0.10.22
4 verbose readDependencies using package.json deps
5 verbose cache add [ 'knockout-client', null ]
6 verbose cache add name=undefined spec="knockout-client" args=["knockout-client",null]
7 verbose parsed url { protocol: null,
7 verbose parsed url   slashes: null,
7 verbose parsed url   auth: null,
7 verbose parsed url   host: null,
7 verbose parsed url   port: null,
7 verbose parsed url   hostname: null,
7 verbose parsed url   hash: null,
7 verbose parsed url   search: null,
7 verbose parsed url   query: null,
7 verbose parsed url   pathname: 'knockout-client',
7 verbose parsed url   path: 'knockout-client',
7 verbose parsed url   href: 'knockout-client' }
8 silly lockFile 5465f6d5-knockout-client knockout-client
9 verbose lock knockout-client C:\Users\Ascendzor\AppData\Roaming\npm-cache\5465f6d5-knockout-client.lock
10 silly lockFile 5465f6d5-knockout-client knockout-client
11 silly lockFile 5465f6d5-knockout-client knockout-client
12 verbose addNamed [ 'knockout-client', '' ]
13 verbose addNamed [ null, '*' ]
14 silly lockFile 7fe6f7e1-knockout-client knockout-client@
15 verbose lock knockout-client@ C:\Users\Ascendzor\AppData\Roaming\npm-cache\7fe6f7e1-knockout-client.lock
16 silly addNameRange { name: 'knockout-client', range: '*', hasData: false }
17 verbose url raw knockout-client
18 verbose url resolving [ 'https://registry.npmjs.org/', './knockout-client' ]
19 verbose url resolved https://registry.npmjs.org/knockout-client
20 info trying registry request attempt 1 at 22:45:03
21 http GET https://registry.npmjs.org/knockout-client
22 info retry will retry, error on last attempt: Error: getaddrinfo EAGAIN
23 info trying registry request attempt 2 at 22:45:13
24 http GET https://registry.npmjs.org/knockout-client
25 http 404 https://registry.npmjs.org/knockout-client
26 silly registry.get cb [ 404,
26 silly registry.get   { date: 'Sun, 13 Apr 2014 10:47:03 GMT',
26 silly registry.get     server: 'CouchDB/1.5.0 (Erlang OTP/R16B)',
26 silly registry.get     'content-type': 'application/json',
26 silly registry.get     via: '1.1 varnish',
26 silly registry.get     'cache-control': 'max-age=0',
26 silly registry.get     'content-length': '52',
26 silly registry.get     'accept-ranges': 'bytes',
26 silly registry.get     age: '0',
26 silly registry.get     'x-served-by': 'cache-v36-ASH, cache-ak102-NZ',
26 silly registry.get     'x-cache': 'MISS, MISS',
26 silly registry.get     'x-cache-hits': '0, 0',
26 silly registry.get     'x-timer': 'S1397386022.778302908,VS0,VS104,VE210,VE337',
26 silly registry.get     'keep-alive': 'timeout=10, max=50',
26 silly registry.get     connection: 'Keep-Alive' } ]
27 silly lockFile 7fe6f7e1-knockout-client knockout-client@
28 silly lockFile 7fe6f7e1-knockout-client knockout-client@
29 error 404 'knockout-client' is not in the npm registry.
29 error 404 You should bug the author to publish it
29 error 404
29 error 404 Note that you can also install from a
29 error 404 tarball, folder, or http url, or git url.
30 error System Windows_NT 6.2.9200
31 error command "c:\\Program Files\\nodejs\\node.exe" "c:\\Program Files\\nodejs\\node_modules\\npm\\bin\\npm-cli.js" "install" "knockout-client"
32 error cwd c:\Users\Public\Programming\Zergling\Sales\Sales
33 error node -v v0.10.22
34 error npm -v 1.3.14
35 error code E404
36 verbose exit [ 1, true ]
